<?xml version="1.0" encoding="UTF-8"?>
<testsuite xmlns:xsi="http://www.w3.org/2001/XMLSchema-instance" xsi:noNamespaceSchemaLocation="https://maven.apache.org/surefire/maven-surefire-plugin/xsd/surefire-test-report-3.0.xsd" version="3.0" name="com.example.task2.GatewaySpringApplicationTests" time="1.691" tests="1" errors="0" skipped="0" failures="0">
  <properties>
[...]
</properties>
  <testcase name="contextLoads" classname="com.example.task2.GatewaySpringApplicationTests" time="0.432">
    <system-out><![CDATA[21:49:01.130 [main] INFO org.springframework.test.context.support.AnnotationConfigContextLoaderUtils -- Could not detect default configuration classes for test class [com.example.task2.GatewaySpringApplicationTests]: GatewaySpringApplicationTests does not declare any static, non-private, non-final, nested classes annotated with @Configuration.
21:49:01.174 [main] INFO org.springframework.boot.test.context.SpringBootTestContextBootstrapper -- Found @SpringBootConfiguration com.example.task2.GatewaySpringApplication for test class com.example.task2.GatewaySpringApplicationTests

  .   ____          _            __ _ _
 /\\ / ___'_ __ _ _(_)_ __  __ _ \ \ \ \
( ( )\___ | '_ | '_| | '_ \/ _` | \ \ \ \
 \\/  ___)| |_)| | | | | || (_| |  ) ) ) )
  '  |____| .__|_| |_|_| |_\__, | / / / /
 =========|_|==============|___/=/_/_/_/
 :: Spring Boot ::                (v3.1.5)

2023-11-22T21:49:01.517+01:00  INFO 1771 --- [           main] c.e.task2.GatewaySpringApplicationTests  : Starting GatewaySpringApplicationTests using Java 17.0.9 with PID 1771 (started by iwonabendig in /Users/iwonabendig/college/s5/spring-boot-pg-tasks/space-gateway)
2023-11-22T21:49:01.518+01:00  INFO 1771 --- [           main] c.e.task2.GatewaySpringApplicationTests  : No active profile set, falling back to 1 default profile: "default"
2023-11-22T21:49:01.859+01:00  INFO 1771 --- [           main] o.s.cloud.context.scope.GenericScope     : BeanFactory id=e41b1920-2430-3e16-ad93-49f4107ecf23
2023-11-22T21:49:02.200+01:00  INFO 1771 --- [           main] o.s.c.g.r.RouteDefinitionRouteLocator    : Loaded RoutePredicateFactory [After]
2023-11-22T21:49:02.200+01:00  INFO 1771 --- [           main] o.s.c.g.r.RouteDefinitionRouteLocator    : Loaded RoutePredicateFactory [Before]
2023-11-22T21:49:02.200+01:00  INFO 1771 --- [           main] o.s.c.g.r.RouteDefinitionRouteLocator    : Loaded RoutePredicateFactory [Between]
2023-11-22T21:49:02.200+01:00  INFO 1771 --- [           main] o.s.c.g.r.RouteDefinitionRouteLocator    : Loaded RoutePredicateFactory [Cookie]
2023-11-22T21:49:02.200+01:00  INFO 1771 --- [           main] o.s.c.g.r.RouteDefinitionRouteLocator    : Loaded RoutePredicateFactory [Header]
2023-11-22T21:49:02.200+01:00  INFO 1771 --- [           main] o.s.c.g.r.RouteDefinitionRouteLocator    : Loaded RoutePredicateFactory [Host]
2023-11-22T21:49:02.200+01:00  INFO 1771 --- [           main] o.s.c.g.r.RouteDefinitionRouteLocator    : Loaded RoutePredicateFactory [Method]
2023-11-22T21:49:02.201+01:00  INFO 1771 --- [           main] o.s.c.g.r.RouteDefinitionRouteLocator    : Loaded RoutePredicateFactory [Path]
2023-11-22T21:49:02.201+01:00  INFO 1771 --- [           main] o.s.c.g.r.RouteDefinitionRouteLocator    : Loaded RoutePredicateFactory [Query]
2023-11-22T21:49:02.201+01:00  INFO 1771 --- [           main] o.s.c.g.r.RouteDefinitionRouteLocator    : Loaded RoutePredicateFactory [ReadBody]
2023-11-22T21:49:02.201+01:00  INFO 1771 --- [           main] o.s.c.g.r.RouteDefinitionRouteLocator    : Loaded RoutePredicateFactory [RemoteAddr]
2023-11-22T21:49:02.201+01:00  INFO 1771 --- [           main] o.s.c.g.r.RouteDefinitionRouteLocator    : Loaded RoutePredicateFactory [XForwardedRemoteAddr]
2023-11-22T21:49:02.201+01:00  INFO 1771 --- [           main] o.s.c.g.r.RouteDefinitionRouteLocator    : Loaded RoutePredicateFactory [Weight]
2023-11-22T21:49:02.201+01:00  INFO 1771 --- [           main] o.s.c.g.r.RouteDefinitionRouteLocator    : Loaded RoutePredicateFactory [CloudFoundryRouteService]
2023-11-22T21:49:02.238+01:00 DEBUG 1771 --- [           main] o.s.w.r.handler.SimpleUrlHandlerMapping  : Patterns [/webjars/**, /**] in 'resourceHandlerMapping'
2023-11-22T21:49:02.252+01:00 DEBUG 1771 --- [           main] o.s.w.r.r.m.a.ControllerMethodResolver   : ControllerAdvice beans: none
2023-11-22T21:49:02.260+01:00 DEBUG 1771 --- [           main] o.s.w.s.adapter.HttpWebHandlerAdapter    : enableLoggingRequestDetails='false': form data and headers will be masked to prevent unsafe logging of potentially sensitive data
2023-11-22T21:49:02.299+01:00  INFO 1771 --- [           main] c.e.task2.GatewaySpringApplicationTests  : Started GatewaySpringApplicationTests in 1.064 seconds (process running for 1.522)
]]></system-out>
  </testcase>
</testsuite>