<?xml version="1.0" encoding="UTF-8"?>
<testsuite xmlns:xsi="http://www.w3.org/2001/XMLSchema-instance" xsi:noNamespaceSchemaLocation="https://maven.apache.org/surefire/maven-surefire-plugin/xsd/surefire-test-report-3.0.xsd" version="3.0" name="com.example.task2.Task2ApplicationTests" time="2.399" tests="1" errors="0" skipped="0" failures="0">
  <properties>
[...]
</properties>
  <testcase name="contextLoads" classname="com.example.task2.Task2ApplicationTests" time="0.304">
    <system-out><![CDATA[20:17:01.057 [main] INFO org.springframework.test.context.support.AnnotationConfigContextLoaderUtils -- Could not detect default configuration classes for test class [com.example.task2.Task2ApplicationTests]: Task2ApplicationTests does not declare any static, non-private, non-final, nested classes annotated with @Configuration.
20:17:01.108 [main] INFO org.springframework.boot.test.context.SpringBootTestContextBootstrapper -- Found @SpringBootConfiguration com.example.task2.AstronautSpringApplication for test class com.example.task2.Task2ApplicationTests

  .   ____          _            __ _ _
 /\\ / ___'_ __ _ _(_)_ __  __ _ \ \ \ \
( ( )\___ | '_ | '_| | '_ \/ _` | \ \ \ \
 \\/  ___)| |_)| | | | | || (_| |  ) ) ) )
  '  |____| .__|_| |_|_| |_\__, | / / / /
 =========|_|==============|___/=/_/_/_/
 :: Spring Boot ::                (v3.1.5)

2023-11-22T20:17:01.291+01:00  INFO 99470 --- [           main] c.example.task2.Task2ApplicationTests    : Starting Task2ApplicationTests using Java 17.0.9 with PID 99470 (started by iwonabendig in /Users/iwonabendig/college/s5/spring-boot-pg-tasks/space-astronaut)
2023-11-22T20:17:01.292+01:00  INFO 99470 --- [           main] c.example.task2.Task2ApplicationTests    : No active profile set, falling back to 1 default profile: "default"
2023-11-22T20:17:01.575+01:00  INFO 99470 --- [           main] .s.d.r.c.RepositoryConfigurationDelegate : Bootstrapping Spring Data JPA repositories in DEFAULT mode.
2023-11-22T20:17:01.607+01:00  INFO 99470 --- [           main] .s.d.r.c.RepositoryConfigurationDelegate : Finished Spring Data repository scanning in 28 ms. Found 2 JPA repository interfaces.
2023-11-22T20:17:01.814+01:00  INFO 99470 --- [           main] o.hibernate.jpa.internal.util.LogHelper  : HHH000204: Processing PersistenceUnitInfo [name: default]
2023-11-22T20:17:01.844+01:00  INFO 99470 --- [           main] org.hibernate.Version                    : HHH000412: Hibernate ORM core version 6.2.13.Final
2023-11-22T20:17:01.845+01:00  INFO 99470 --- [           main] org.hibernate.cfg.Environment            : HHH000406: Using bytecode reflection optimizer
2023-11-22T20:17:01.972+01:00  INFO 99470 --- [           main] o.s.o.j.p.SpringPersistenceUnitInfo      : No LoadTimeWeaver setup: ignoring JPA class transformer
2023-11-22T20:17:01.985+01:00  INFO 99470 --- [           main] com.zaxxer.hikari.HikariDataSource       : HikariPool-1 - Starting...
2023-11-22T20:17:02.099+01:00  INFO 99470 --- [           main] com.zaxxer.hikari.pool.HikariPool        : HikariPool-1 - Added connection conn0: url=jdbc:h2:mem:space-astronaut user=SA
2023-11-22T20:17:02.100+01:00  INFO 99470 --- [           main] com.zaxxer.hikari.HikariDataSource       : HikariPool-1 - Start completed.
2023-11-22T20:17:02.522+01:00  INFO 99470 --- [           main] o.h.e.t.j.p.i.JtaPlatformInitiator       : HHH000489: No JTA platform available (set 'hibernate.transaction.jta.platform' to enable JTA platform integration)
2023-11-22T20:17:02.552+01:00  INFO 99470 --- [           main] j.LocalContainerEntityManagerFactoryBean : Initialized JPA EntityManagerFactory for persistence unit 'default'
INITIALIZING DATA
2023-11-22T20:17:02.894+01:00  WARN 99470 --- [           main] JpaBaseConfiguration$JpaWebConfiguration : spring.jpa.open-in-view is enabled by default. Therefore, database queries may be performed during view rendering. Explicitly configure spring.jpa.open-in-view to disable this warning
2023-11-22T20:17:03.037+01:00  INFO 99470 --- [           main] o.s.b.a.h2.H2ConsoleAutoConfiguration    : H2 console available at '/h2-console'. Database available at 'jdbc:h2:mem:space-astronaut'
2023-11-22T20:17:03.059+01:00  INFO 99470 --- [           main] c.example.task2.Task2ApplicationTests    : Started Task2ApplicationTests in 1.882 seconds (process running for 2.356)
]]></system-out>
  </testcase>
</testsuite>